2025-11-06 02:15:08,714 - INFO - Initialized Consumer Protection Law scraper
2025-11-06 02:15:08,717 - INFO - Date filtering enabled: last 24 hours
2025-11-06 02:15:08,718 - INFO - Initialized Consumer Protection Law scraper
2025-11-06 02:15:08,719 - INFO - Starting Consumer Protection Law scraper...
2025-11-06 02:15:08,720 - INFO - ============================================================
2025-11-06 02:15:08,720 - INFO - Starting Consumer Protection Law scraper...
2025-11-06 02:15:08,721 - INFO - ============================================================
2025-11-06 02:15:08,759 - INFO - First run - filtering for cases from last 24 hours
2025-11-06 02:15:08,762 - INFO - Fetching: https://consumersprotectionlaw.com
2025-11-06 02:15:10,097 - INFO - 
============================================================
2025-11-06 02:15:10,098 - INFO - Consumer Protection Law scraping complete!
2025-11-06 02:15:10,098 - INFO - Total recent cases found: 0
2025-11-06 02:15:10,099 - INFO - ============================================================
2025-11-06 02:15:10,100 - INFO - Scraping completed!
2025-11-06 02:15:10,100 - INFO - Total items scraped: 0
2025-11-06 02:15:10,101 - INFO - Duration: 1.38 seconds
2025-11-06 03:18:02,270 - INFO - Initialized Consumer Protection Law scraper
2025-11-06 03:18:02,273 - INFO - Date filtering enabled: last 24 hours
2025-11-06 03:18:02,275 - INFO - Initialized Consumer Protection Law scraper
2025-11-06 03:18:02,277 - INFO - Starting Consumer Protection Law scraper...
2025-11-06 03:18:02,279 - INFO - ============================================================
2025-11-06 03:18:02,281 - INFO - Starting Consumer Protection Law scraper...
2025-11-06 03:18:02,284 - INFO - ============================================================
2025-11-06 03:18:02,435 - INFO - First run - filtering for cases from last 24 hours
2025-11-06 03:18:02,438 - INFO - Fetching: https://consumersprotectionlaw.com
2025-11-06 03:18:03,859 - INFO - 
============================================================
2025-11-06 03:18:03,862 - INFO - Consumer Protection Law scraping complete!
2025-11-06 03:18:03,865 - INFO - Total recent cases found: 0
2025-11-06 03:18:03,867 - INFO - ============================================================
2025-11-06 03:18:03,870 - INFO - Scraping completed!
2025-11-06 03:18:03,872 - INFO - Total items scraped: 0
2025-11-06 03:18:03,873 - INFO - Duration: 1.59 seconds
2025-11-06 22:48:10,034 - INFO - Initialized Consumer Protection Law scraper
2025-11-06 22:48:10,036 - INFO - Date filtering enabled: last 24 hours
2025-11-06 22:48:10,036 - INFO - Initialized Consumer Protection Law scraper
2025-11-06 22:48:10,044 - INFO - Starting Consumer Protection Law scraper...
2025-11-06 22:48:10,074 - INFO - ============================================================
2025-11-06 22:48:10,077 - INFO - Starting Consumer Protection Law scraper...
2025-11-06 22:48:10,078 - INFO - ============================================================
2025-11-06 22:48:10,513 - INFO - First run - filtering for cases from last 24 hours
2025-11-06 22:48:10,531 - INFO - Fetching: https://consumersprotectionlaw.com
2025-11-06 22:48:12,667 - INFO - 
============================================================
2025-11-06 22:48:12,668 - INFO - Consumer Protection Law scraping complete!
2025-11-06 22:48:12,669 - INFO - Total recent cases found: 0
2025-11-06 22:48:12,670 - INFO - ============================================================
2025-11-06 22:48:12,671 - INFO - Scraping completed!
2025-11-06 22:48:12,671 - INFO - Total items scraped: 0
2025-11-06 22:48:12,672 - INFO - Duration: 2.60 seconds
2025-11-06 23:14:57,564 - INFO - Initialized Consumer Protection Law scraper
2025-11-06 23:14:57,569 - INFO - Date filtering enabled: last 24 hours
2025-11-06 23:14:57,570 - INFO - Initialized Consumer Protection Law scraper
2025-11-06 23:14:57,571 - INFO - Starting Consumer Protection Law scraper...
2025-11-06 23:14:57,577 - INFO - ============================================================
2025-11-06 23:14:57,578 - INFO - Starting Consumer Protection Law scraper...
2025-11-06 23:14:57,579 - INFO - ============================================================
2025-11-06 23:14:57,662 - INFO - First run - filtering for cases from last 24 hours
2025-11-06 23:14:57,663 - INFO - Fetching: https://consumersprotectionlaw.com
2025-11-06 23:14:58,399 - INFO - 
============================================================
2025-11-06 23:14:58,400 - INFO - Consumer Protection Law scraping complete!
2025-11-06 23:14:58,401 - INFO - Total recent cases found: 0
2025-11-06 23:14:58,402 - INFO - ============================================================
2025-11-06 23:14:58,403 - INFO - Scraping completed!
2025-11-06 23:14:58,404 - INFO - Total items scraped: 0
2025-11-06 23:14:58,404 - INFO - Duration: 0.83 seconds
2025-11-06 23:54:16,360 - INFO - Initialized Consumer Protection Law scraper
2025-11-06 23:54:16,361 - INFO - Date filtering enabled: last 24 hours
2025-11-06 23:54:16,363 - INFO - Initialized Consumer Protection Law scraper
2025-11-06 23:54:16,364 - INFO - Starting Consumer Protection Law scraper...
2025-11-06 23:54:16,365 - INFO - ============================================================
2025-11-06 23:54:16,365 - INFO - Starting Consumer Protection Law scraper...
2025-11-06 23:54:16,366 - INFO - ============================================================
2025-11-06 23:54:16,423 - INFO - First run - filtering for cases from last 24 hours
2025-11-06 23:54:16,423 - INFO - Fetching: https://consumersprotectionlaw.com
2025-11-06 23:54:16,815 - INFO - 
============================================================
2025-11-06 23:54:16,815 - INFO - Consumer Protection Law scraping complete!
2025-11-06 23:54:16,816 - INFO - Total recent cases found: 0
2025-11-06 23:54:16,816 - INFO - ============================================================
2025-11-06 23:54:16,817 - INFO - Scraping completed!
2025-11-06 23:54:16,817 - INFO - Total items scraped: 0
2025-11-06 23:54:16,818 - INFO - Duration: 0.45 seconds
2025-11-07 20:56:33,212 - INFO - Initialized Consumer Protection Law scraper
2025-11-07 20:56:33,216 - INFO - Date filtering enabled: last 24 hours
2025-11-07 20:56:33,217 - INFO - Initialized Consumer Protection Law scraper
2025-11-07 20:56:33,218 - INFO - Starting Consumer Protection Law scraper...
2025-11-07 20:56:33,218 - INFO - ============================================================
2025-11-07 20:56:33,219 - INFO - Starting Consumer Protection Law scraper...
2025-11-07 20:56:33,219 - INFO - ============================================================
2025-11-07 20:56:33,303 - INFO - First run - filtering for cases from last 24 hours
2025-11-07 20:56:33,304 - INFO - Fetching: https://consumersprotectionlaw.com
2025-11-07 20:56:35,136 - INFO - 
============================================================
2025-11-07 20:56:35,138 - INFO - Consumer Protection Law scraping complete!
2025-11-07 20:56:35,139 - INFO - Total recent cases found: 0
2025-11-07 20:56:35,140 - INFO - ============================================================
2025-11-07 20:56:35,141 - INFO - Scraping completed!
2025-11-07 20:56:35,142 - INFO - Total items scraped: 0
2025-11-07 20:56:35,143 - INFO - Duration: 1.92 seconds
2025-11-10 21:01:44,387 - INFO - Initialized Consumer Protection Law scraper
2025-11-10 21:01:44,389 - INFO - Date filtering enabled: last 24 hours
2025-11-10 21:01:44,390 - INFO - Initialized Consumer Protection Law scraper
2025-11-10 21:01:44,391 - INFO - Starting Consumer Protection Law scraper...
2025-11-10 21:01:44,392 - INFO - ============================================================
2025-11-10 21:01:44,392 - INFO - Starting Consumer Protection Law scraper...
2025-11-10 21:01:44,393 - INFO - ============================================================
2025-11-10 21:01:44,408 - INFO - First run - filtering for cases from last 24 hours
2025-11-10 21:01:44,408 - INFO - Fetching: https://consumersprotectionlaw.com
2025-11-10 21:01:45,172 - INFO - 
============================================================
2025-11-10 21:01:45,173 - INFO - Consumer Protection Law scraping complete!
2025-11-10 21:01:45,173 - INFO - Total recent cases found: 0
2025-11-10 21:01:45,174 - INFO - ============================================================
2025-11-10 21:01:45,174 - INFO - Scraping completed!
2025-11-10 21:01:45,175 - INFO - Total items scraped: 0
2025-11-10 21:01:45,175 - INFO - Duration: 0.78 seconds
2025-11-10 23:19:52,294 - INFO - Initialized Consumer Protection Law scraper
2025-11-10 23:19:52,295 - INFO - Date filtering enabled: last 24 hours
2025-11-10 23:19:52,296 - INFO - Initialized Consumer Protection Law scraper
2025-11-10 23:19:52,297 - INFO - Starting Consumer Protection Law scraper...
2025-11-10 23:19:52,297 - INFO - ============================================================
2025-11-10 23:19:52,298 - INFO - Starting Consumer Protection Law scraper...
2025-11-10 23:19:52,298 - INFO - ============================================================
2025-11-10 23:19:52,338 - INFO - First run - filtering for cases from last 24 hours
2025-11-10 23:19:52,338 - INFO - Fetching: https://consumersprotectionlaw.com
2025-11-10 23:19:53,350 - INFO - 
============================================================
2025-11-10 23:19:53,351 - INFO - Consumer Protection Law scraping complete!
2025-11-10 23:19:53,352 - INFO - Total recent cases found: 0
2025-11-10 23:19:53,352 - INFO - ============================================================
2025-11-10 23:19:53,353 - INFO - Scraping completed!
2025-11-10 23:19:53,353 - INFO - Total items scraped: 0
2025-11-10 23:19:53,353 - INFO - Duration: 1.06 seconds
2025-11-11 02:32:27,550 - INFO - Initialized Consumer Protection Law scraper
2025-11-11 02:32:27,551 - INFO - Date filtering enabled: last 24 hours
2025-11-11 02:32:27,552 - INFO - Initialized Consumer Protection Law scraper
2025-11-11 02:32:27,553 - INFO - Starting Consumer Protection Law scraper...
2025-11-11 02:32:27,554 - INFO - ============================================================
2025-11-11 02:32:27,554 - INFO - Starting Consumer Protection Law scraper...
2025-11-11 02:32:27,555 - INFO - ============================================================
2025-11-11 02:32:27,598 - INFO - First run - filtering for cases from last 24 hours
2025-11-11 02:32:27,598 - INFO - Fetching: https://consumersprotectionlaw.com
2025-11-11 02:32:28,889 - INFO - 
============================================================
2025-11-11 02:32:28,890 - INFO - Consumer Protection Law scraping complete!
2025-11-11 02:32:28,891 - INFO - Total recent cases found: 0
2025-11-11 02:32:28,891 - INFO - ============================================================
2025-11-11 02:32:28,892 - INFO - Scraping completed!
2025-11-11 02:32:28,892 - INFO - Total items scraped: 0
2025-11-11 02:32:28,892 - INFO - Duration: 1.34 seconds
2025-11-11 03:05:15,747 - INFO - Initialized Consumer Protection Law scraper
2025-11-11 03:05:15,748 - INFO - Date filtering enabled: last 24 hours
2025-11-11 03:05:15,749 - INFO - Initialized Consumer Protection Law scraper
2025-11-11 03:05:15,750 - INFO - Starting Consumer Protection Law scraper...
2025-11-11 03:05:15,751 - INFO - ============================================================
2025-11-11 03:05:15,751 - INFO - Starting Consumer Protection Law scraper...
2025-11-11 03:05:15,751 - INFO - ============================================================
2025-11-11 03:05:15,796 - INFO - First run - filtering for cases from last 24 hours
2025-11-11 03:05:15,796 - INFO - Fetching: https://consumersprotectionlaw.com
2025-11-11 03:05:16,232 - INFO - 
============================================================
2025-11-11 03:05:16,233 - INFO - Consumer Protection Law scraping complete!
2025-11-11 03:05:16,233 - INFO - Total recent cases found: 0
2025-11-11 03:05:16,234 - INFO - ============================================================
2025-11-11 03:05:16,234 - INFO - Scraping completed!
2025-11-11 03:05:16,235 - INFO - Total items scraped: 0
2025-11-11 03:05:16,235 - INFO - Duration: 0.48 seconds
2025-11-11 22:12:05,286 - INFO - Initialized Consumer Protection Law scraper
2025-11-11 22:12:05,287 - INFO - Date filtering enabled: last 24 hours
2025-11-11 22:12:05,289 - INFO - Initialized Consumer Protection Law scraper
2025-11-11 22:12:05,289 - INFO - Starting Consumer Protection Law scraper...
2025-11-11 22:12:05,290 - INFO - ============================================================
2025-11-11 22:12:05,290 - INFO - Starting Consumer Protection Law scraper...
2025-11-11 22:12:05,291 - INFO - ============================================================
2025-11-11 22:12:05,325 - INFO - First run - filtering for cases from last 24 hours
2025-11-11 22:12:05,325 - INFO - Fetching: https://consumersprotectionlaw.com
2025-11-11 22:12:06,306 - INFO - 
============================================================
2025-11-11 22:12:06,307 - INFO - Consumer Protection Law scraping complete!
2025-11-11 22:12:06,308 - INFO - Total recent cases found: 0
2025-11-11 22:12:06,308 - INFO - ============================================================
2025-11-11 22:12:06,309 - INFO - Scraping completed!
2025-11-11 22:12:06,310 - INFO - Total items scraped: 0
2025-11-11 22:12:06,311 - INFO - Duration: 1.02 seconds
2025-11-11 22:37:18,528 - INFO - Initialized Consumer Protection Law scraper
2025-11-11 22:37:18,528 - INFO - Date filtering enabled: last 24 hours
2025-11-11 22:37:18,529 - INFO - Initialized Consumer Protection Law scraper
2025-11-11 22:37:18,530 - INFO - Starting Consumer Protection Law scraper...
2025-11-11 22:37:18,531 - INFO - ============================================================
2025-11-11 22:37:18,532 - INFO - Starting Consumer Protection Law scraper...
2025-11-11 22:37:18,540 - INFO - ============================================================
2025-11-11 22:37:18,598 - INFO - First run - filtering for cases from last 24 hours
2025-11-11 22:37:18,598 - INFO - Fetching: https://consumersprotectionlaw.com
2025-11-11 22:37:18,960 - INFO - 
============================================================
2025-11-11 22:37:18,960 - INFO - Consumer Protection Law scraping complete!
2025-11-11 22:37:18,960 - INFO - Total recent cases found: 0
2025-11-11 22:37:18,961 - INFO - ============================================================
2025-11-11 22:37:18,961 - INFO - Scraping completed!
2025-11-11 22:37:18,961 - INFO - Total items scraped: 0
2025-11-11 22:37:18,962 - INFO - Duration: 0.43 seconds
2025-11-12 00:17:02,048 - INFO - Initialized Consumer Protection Law scraper
2025-11-12 00:17:02,049 - INFO - Date filtering enabled: last 24 hours
2025-11-12 00:17:02,049 - INFO - Initialized Consumer Protection Law scraper
2025-11-12 00:17:02,050 - INFO - Starting Consumer Protection Law scraper...
2025-11-12 00:17:02,050 - INFO - ============================================================
2025-11-12 00:17:02,050 - INFO - Starting Consumer Protection Law scraper...
2025-11-12 00:17:02,050 - INFO - ============================================================
2025-11-12 00:17:02,078 - INFO - First run - filtering for cases from last 24 hours
2025-11-12 00:17:02,078 - INFO - Fetching: https://consumersprotectionlaw.com
2025-11-12 00:17:03,100 - INFO - 
============================================================
2025-11-12 00:17:03,101 - INFO - Consumer Protection Law scraping complete!
2025-11-12 00:17:03,101 - INFO - Total recent cases found: 0
2025-11-12 00:17:03,102 - INFO - ============================================================
2025-11-12 00:17:03,102 - INFO - Scraping completed!
2025-11-12 00:17:03,102 - INFO - Total items scraped: 0
2025-11-12 00:17:03,102 - INFO - Duration: 1.05 seconds
2025-11-12 00:50:28,303 - INFO - Initialized Consumer Protection Law scraper
2025-11-12 00:50:28,304 - INFO - Date filtering enabled: last 24 hours
2025-11-12 00:50:28,304 - INFO - Initialized Consumer Protection Law scraper
2025-11-12 00:50:28,304 - INFO - Starting Consumer Protection Law scraper...
2025-11-12 00:50:28,305 - INFO - ============================================================
2025-11-12 00:50:28,305 - INFO - Starting Consumer Protection Law scraper...
2025-11-12 00:50:28,305 - INFO - ============================================================
2025-11-12 00:50:28,322 - INFO - First run - filtering for cases from last 24 hours
2025-11-12 00:50:28,323 - INFO - Fetching: https://consumersprotectionlaw.com
2025-11-12 00:50:28,693 - INFO - 
============================================================
2025-11-12 00:50:28,693 - INFO - Consumer Protection Law scraping complete!
2025-11-12 00:50:28,694 - INFO - Total recent cases found: 0
2025-11-12 00:50:28,694 - INFO - ============================================================
2025-11-12 00:50:28,695 - INFO - Scraping completed!
2025-11-12 00:50:28,695 - INFO - Total items scraped: 0
2025-11-12 00:50:28,695 - INFO - Duration: 0.39 seconds
2025-11-12 21:18:22,536 - INFO - Initialized Consumer Protection Law scraper
2025-11-12 21:18:22,537 - INFO - Date filtering enabled: last 24 hours
2025-11-12 21:18:22,537 - INFO - Initialized Consumer Protection Law scraper
2025-11-12 21:18:22,537 - INFO - Starting Consumer Protection Law scraper...
2025-11-12 21:18:22,538 - INFO - ============================================================
2025-11-12 21:18:22,538 - INFO - Starting Consumer Protection Law scraper...
2025-11-12 21:18:22,538 - INFO - ============================================================
2025-11-12 21:18:22,579 - INFO - First run - filtering for cases from last 24 hours
2025-11-12 21:18:22,581 - INFO - Fetching: https://consumersprotectionlaw.com
2025-11-12 21:18:24,202 - INFO - 
============================================================
2025-11-12 21:18:24,203 - INFO - Consumer Protection Law scraping complete!
2025-11-12 21:18:24,204 - INFO - Total recent cases found: 0
2025-11-12 21:18:24,204 - INFO - ============================================================
2025-11-12 21:18:24,204 - INFO - Scraping completed!
2025-11-12 21:18:24,205 - INFO - Total items scraped: 0
2025-11-12 21:18:24,205 - INFO - Duration: 1.67 seconds
2025-11-12 22:35:50,809 - INFO - Initialized Consumer Protection Law scraper
2025-11-12 22:35:50,810 - INFO - Date filtering enabled: last 24 hours
2025-11-12 22:35:50,810 - INFO - Initialized Consumer Protection Law scraper
2025-11-12 22:35:50,810 - INFO - Starting Consumer Protection Law scraper...
2025-11-12 22:35:50,811 - INFO - ============================================================
2025-11-12 22:35:50,811 - INFO - Starting Consumer Protection Law scraper...
2025-11-12 22:35:50,811 - INFO - ============================================================
2025-11-12 22:35:50,832 - INFO - First run - filtering for cases from last 24 hours
2025-11-12 22:35:50,833 - INFO - Fetching: https://consumersprotectionlaw.com
2025-11-12 22:35:51,226 - INFO - 
============================================================
2025-11-12 22:35:51,227 - INFO - Consumer Protection Law scraping complete!
2025-11-12 22:35:51,227 - INFO - Total recent cases found: 0
2025-11-12 22:35:51,227 - INFO - ============================================================
2025-11-12 22:35:51,228 - INFO - Scraping completed!
2025-11-12 22:35:51,228 - INFO - Total items scraped: 0
2025-11-12 22:35:51,228 - INFO - Duration: 0.42 seconds
2025-11-12 23:07:49,169 - INFO - Initialized Consumer Protection Law scraper
2025-11-12 23:07:49,170 - INFO - Date filtering enabled: last 24 hours
2025-11-12 23:07:49,170 - INFO - Initialized Consumer Protection Law scraper
2025-11-12 23:07:49,170 - INFO - Starting Consumer Protection Law scraper...
2025-11-12 23:07:49,171 - INFO - ============================================================
2025-11-12 23:07:49,171 - INFO - Starting Consumer Protection Law scraper...
2025-11-12 23:07:49,172 - INFO - ============================================================
2025-11-12 23:07:49,217 - INFO - First run - filtering for cases from last 24 hours
2025-11-12 23:07:49,217 - INFO - Fetching: https://consumersprotectionlaw.com
2025-11-12 23:07:50,226 - INFO - 
============================================================
2025-11-12 23:07:50,227 - INFO - Consumer Protection Law scraping complete!
2025-11-12 23:07:50,227 - INFO - Total recent cases found: 0
2025-11-12 23:07:50,228 - INFO - ============================================================
2025-11-12 23:07:50,228 - INFO - Scraping completed!
2025-11-12 23:07:50,229 - INFO - Total items scraped: 0
2025-11-12 23:07:50,229 - INFO - Duration: 1.06 seconds
2025-11-13 20:49:02,404 - INFO - Initialized Consumer Protection Law scraper
2025-11-13 20:49:02,410 - INFO - Date filtering enabled: last 24 hours
2025-11-13 20:49:02,411 - INFO - Initialized Consumer Protection Law scraper
2025-11-13 20:49:02,411 - INFO - Starting Consumer Protection Law scraper...
2025-11-13 20:49:02,412 - INFO - ============================================================
2025-11-13 20:49:02,412 - INFO - Starting Consumer Protection Law scraper...
2025-11-13 20:49:02,413 - INFO - ============================================================
2025-11-13 20:49:02,450 - INFO - First run - filtering for cases from last 24 hours
2025-11-13 20:49:02,450 - INFO - Fetching: https://consumersprotectionlaw.com
2025-11-13 20:49:03,775 - INFO - 
============================================================
2025-11-13 20:49:03,776 - INFO - Consumer Protection Law scraping complete!
2025-11-13 20:49:03,777 - INFO - Total recent cases found: 0
2025-11-13 20:49:03,777 - INFO - ============================================================
2025-11-13 20:49:03,778 - INFO - Scraping completed!
2025-11-13 20:49:03,778 - INFO - Total items scraped: 0
2025-11-13 20:49:03,779 - INFO - Duration: 1.37 seconds
2025-11-13 22:46:01,162 - INFO - Initialized Consumer Protection Law scraper
2025-11-13 22:46:01,163 - INFO - Date filtering enabled: last 24 hours
2025-11-13 22:46:01,163 - INFO - Initialized Consumer Protection Law scraper
2025-11-13 22:46:01,164 - INFO - Starting Consumer Protection Law scraper...
2025-11-13 22:46:01,165 - INFO - ============================================================
2025-11-13 22:46:01,166 - INFO - Starting Consumer Protection Law scraper...
2025-11-13 22:46:01,166 - INFO - ============================================================
2025-11-13 22:46:01,217 - INFO - First run - filtering for cases from last 24 hours
2025-11-13 22:46:01,217 - INFO - Fetching: https://consumersprotectionlaw.com
2025-11-13 22:46:02,808 - INFO - 
============================================================
2025-11-13 22:46:02,810 - INFO - Consumer Protection Law scraping complete!
2025-11-13 22:46:02,810 - INFO - Total recent cases found: 0
2025-11-13 22:46:02,811 - INFO - ============================================================
2025-11-13 22:46:02,812 - INFO - Scraping completed!
2025-11-13 22:46:02,812 - INFO - Total items scraped: 0
2025-11-13 22:46:02,813 - INFO - Duration: 1.65 seconds
2025-11-13 23:15:40,169 - INFO - Initialized Consumer Protection Law scraper
2025-11-13 23:15:40,171 - INFO - Date filtering enabled: last 24 hours
2025-11-13 23:15:40,172 - INFO - Initialized Consumer Protection Law scraper
2025-11-13 23:15:40,172 - INFO - Starting Consumer Protection Law scraper...
2025-11-13 23:15:40,173 - INFO - ============================================================
2025-11-13 23:15:40,173 - INFO - Starting Consumer Protection Law scraper...
2025-11-13 23:15:40,173 - INFO - ============================================================
2025-11-13 23:15:40,255 - INFO - First run - filtering for cases from last 24 hours
2025-11-13 23:15:40,256 - INFO - Fetching: https://consumersprotectionlaw.com
2025-11-13 23:15:40,671 - INFO - 
============================================================
2025-11-13 23:15:40,672 - INFO - Consumer Protection Law scraping complete!
2025-11-13 23:15:40,674 - INFO - Total recent cases found: 0
2025-11-13 23:15:40,674 - INFO - ============================================================
2025-11-13 23:15:40,675 - INFO - Scraping completed!
2025-11-13 23:15:40,676 - INFO - Total items scraped: 0
2025-11-13 23:15:40,677 - INFO - Duration: 0.50 seconds
2025-11-14 20:09:24,435 - INFO - Initialized Consumer Protection Law scraper
2025-11-14 20:09:24,437 - INFO - Date filtering enabled: last 24 hours
2025-11-14 20:09:24,464 - INFO - Initialized Consumer Protection Law scraper
2025-11-14 20:09:24,465 - INFO - Starting Consumer Protection Law scraper...
2025-11-14 20:09:24,465 - INFO - ============================================================
2025-11-14 20:09:24,465 - INFO - Starting Consumer Protection Law scraper...
2025-11-14 20:09:24,466 - INFO - ============================================================
2025-11-14 20:09:24,517 - INFO - First run - filtering for cases from last 24 hours
2025-11-14 20:09:24,517 - INFO - Fetching: https://consumersprotectionlaw.com
2025-11-14 20:09:25,506 - INFO - 
============================================================
2025-11-14 20:09:25,508 - INFO - Consumer Protection Law scraping complete!
2025-11-14 20:09:25,508 - INFO - Total recent cases found: 0
2025-11-14 20:09:25,508 - INFO - ============================================================
2025-11-14 20:09:25,509 - INFO - Scraping completed!
2025-11-14 20:09:25,509 - INFO - Total items scraped: 0
2025-11-14 20:09:25,509 - INFO - Duration: 1.04 seconds
2025-11-17 20:48:24,828 - INFO - Initialized Consumer Protection Law scraper
2025-11-17 20:48:24,829 - INFO - Date filtering enabled: last 24 hours
2025-11-17 20:48:24,830 - INFO - Initialized Consumer Protection Law scraper
2025-11-17 20:48:24,830 - INFO - Starting Consumer Protection Law scraper...
2025-11-17 20:48:24,831 - INFO - ============================================================
2025-11-17 20:48:24,831 - INFO - Starting Consumer Protection Law scraper...
2025-11-17 20:48:24,832 - INFO - ============================================================
2025-11-17 20:48:24,894 - INFO - First run - filtering for cases from last 24 hours
2025-11-17 20:48:24,895 - INFO - Fetching: https://consumersprotectionlaw.com
2025-11-17 20:48:26,456 - ERROR - HTTP error for https://consumersprotectionlaw.com: 503 Server Error: Service Unavailable for url: https://consumersprotectionlaw.com/
2025-11-17 20:48:26,458 - ERROR - Failed to fetch homepage
2025-11-17 20:48:26,459 - INFO - Scraping completed!
2025-11-17 20:48:26,460 - INFO - Total items scraped: 0
2025-11-17 20:48:26,461 - INFO - Duration: 1.63 seconds
2025-11-18 20:25:27,723 - INFO - Initialized Consumer Protection Law scraper
2025-11-18 20:25:27,724 - INFO - Date filtering enabled: last 24 hours
2025-11-18 20:25:27,725 - INFO - Initialized Consumer Protection Law scraper
2025-11-18 20:25:27,725 - INFO - Starting Consumer Protection Law scraper...
2025-11-18 20:25:27,726 - INFO - ============================================================
2025-11-18 20:25:27,726 - INFO - Starting Consumer Protection Law scraper...
2025-11-18 20:25:27,727 - INFO - ============================================================
2025-11-18 20:25:27,776 - INFO - First run - filtering for cases from last 24 hours
2025-11-18 20:25:27,777 - INFO - Fetching: https://consumersprotectionlaw.com
2025-11-18 20:25:29,320 - INFO - 
============================================================
2025-11-18 20:25:29,323 - INFO - Consumer Protection Law scraping complete!
2025-11-18 20:25:29,326 - INFO - Total recent cases found: 0
2025-11-18 20:25:29,336 - INFO - ============================================================
2025-11-18 20:25:29,348 - INFO - Scraping completed!
2025-11-18 20:25:29,349 - INFO - Total items scraped: 0
2025-11-18 20:25:29,350 - INFO - Duration: 1.62 seconds
2025-11-27 22:42:21,967 - INFO - Initialized Consumer Protection Law scraper
2025-11-27 22:42:21,968 - INFO - Date filtering enabled: last 24 hours
2025-11-27 22:42:21,976 - INFO - Initialized Consumer Protection Law scraper
2025-11-27 22:42:21,977 - INFO - Starting Consumer Protection Law scraper...
2025-11-27 22:42:21,977 - INFO - ============================================================
2025-11-27 22:42:21,978 - INFO - Starting Consumer Protection Law scraper...
2025-11-27 22:42:21,979 - INFO - ============================================================
2025-11-27 22:42:22,063 - INFO - First run - filtering for cases from last 24 hours
2025-11-27 22:42:22,064 - INFO - Fetching: https://consumersprotectionlaw.com
2025-11-27 22:42:24,406 - INFO - 
============================================================
2025-11-27 22:42:24,407 - INFO - Consumer Protection Law scraping complete!
2025-11-27 22:42:24,407 - INFO - Total recent cases found: 0
2025-11-27 22:42:24,408 - INFO - ============================================================
2025-11-27 22:42:24,408 - INFO - Scraping completed!
2025-11-27 22:42:24,409 - INFO - Total items scraped: 0
2025-11-27 22:42:24,409 - INFO - Duration: 2.43 seconds
2025-11-28 22:38:38,723 - INFO - Initialized Consumer Protection Law scraper
2025-11-28 22:38:38,732 - INFO - Date filtering enabled: last 24 hours
2025-11-28 22:38:38,733 - INFO - Initialized Consumer Protection Law scraper
2025-11-28 22:38:38,733 - INFO - Starting Consumer Protection Law scraper...
2025-11-28 22:38:38,734 - INFO - ============================================================
2025-11-28 22:38:38,734 - INFO - Starting Consumer Protection Law scraper...
2025-11-28 22:38:38,735 - INFO - ============================================================
2025-11-28 22:38:38,780 - INFO - First run - filtering for cases from last 24 hours
2025-11-28 22:38:38,780 - INFO - Fetching: https://consumersprotectionlaw.com
2025-11-28 22:38:39,915 - INFO - 
============================================================
2025-11-28 22:38:39,916 - INFO - Consumer Protection Law scraping complete!
2025-11-28 22:38:39,917 - INFO - Total recent cases found: 0
2025-11-28 22:38:39,917 - INFO - ============================================================
2025-11-28 22:38:39,918 - INFO - Scraping completed!
2025-11-28 22:38:39,919 - INFO - Total items scraped: 0
2025-11-28 22:38:39,919 - INFO - Duration: 1.18 seconds
2025-11-28 23:01:00,487 - INFO - Initialized Consumer Protection Law scraper
2025-11-28 23:01:00,488 - INFO - Date filtering enabled: last 24 hours
2025-11-28 23:01:00,489 - INFO - Initialized Consumer Protection Law scraper
2025-11-28 23:01:00,489 - INFO - Starting Consumer Protection Law scraper...
2025-11-28 23:01:00,490 - INFO - ============================================================
2025-11-28 23:01:00,491 - INFO - Starting Consumer Protection Law scraper...
2025-11-28 23:01:00,491 - INFO - ============================================================
2025-11-28 23:01:00,538 - INFO - First run - filtering for cases from last 24 hours
2025-11-28 23:01:00,538 - INFO - Fetching: https://consumersprotectionlaw.com
2025-11-28 23:01:01,311 - INFO - 
============================================================
2025-11-28 23:01:01,312 - INFO - Consumer Protection Law scraping complete!
2025-11-28 23:01:01,312 - INFO - Total recent cases found: 0
2025-11-28 23:01:01,313 - INFO - ============================================================
2025-11-28 23:01:01,313 - INFO - Scraping completed!
2025-11-28 23:01:01,314 - INFO - Total items scraped: 0
2025-11-28 23:01:01,314 - INFO - Duration: 0.82 seconds
2025-11-28 23:37:33,570 - INFO - Initialized Consumer Protection Law scraper
2025-11-28 23:37:33,571 - INFO - Date filtering enabled: last 24 hours
2025-11-28 23:37:33,578 - INFO - Initialized Consumer Protection Law scraper
2025-11-28 23:37:33,579 - INFO - Starting Consumer Protection Law scraper...
2025-11-28 23:37:33,579 - INFO - ============================================================
2025-11-28 23:37:33,580 - INFO - Starting Consumer Protection Law scraper...
2025-11-28 23:37:33,581 - INFO - ============================================================
2025-11-28 23:37:33,631 - INFO - Filtering for cases newer than: 2025-11-28T17:33:09.804317+00:00
2025-11-28 23:37:33,631 - INFO - Fetching: https://consumersprotectionlaw.com
2025-11-28 23:37:34,393 - INFO - 
============================================================
2025-11-28 23:37:34,394 - INFO - Consumer Protection Law scraping complete!
2025-11-28 23:37:34,395 - INFO - Total recent cases found: 0
2025-11-28 23:37:34,395 - INFO - ============================================================
2025-11-28 23:37:34,396 - INFO - Scraping completed!
2025-11-28 23:37:34,396 - INFO - Total items scraped: 0
2025-11-28 23:37:34,397 - INFO - Duration: 0.82 seconds
2025-11-29 00:32:21,896 - INFO - Initialized Consumer Protection Law scraper
2025-11-29 00:32:21,897 - INFO - Date filtering enabled: last 24 hours
2025-11-29 00:32:21,904 - INFO - Initialized Consumer Protection Law scraper
2025-11-29 00:32:21,907 - INFO - Starting Consumer Protection Law scraper...
2025-11-29 00:32:21,909 - INFO - ============================================================
2025-11-29 00:32:21,910 - INFO - Starting Consumer Protection Law scraper...
2025-11-29 00:32:21,911 - INFO - ============================================================
2025-11-29 00:32:22,030 - INFO - Filtering for cases newer than: 2025-11-28T18:17:44.076420+00:00
2025-11-29 00:32:22,031 - INFO - Fetching: https://consumersprotectionlaw.com
2025-11-29 00:32:25,587 - INFO - 
============================================================
2025-11-29 00:32:25,622 - INFO - Consumer Protection Law scraping complete!
2025-11-29 00:32:25,656 - INFO - Total recent cases found: 0
2025-11-29 00:32:25,657 - INFO - ============================================================
2025-11-29 00:32:25,658 - INFO - Scraping completed!
2025-11-29 00:32:25,674 - INFO - Total items scraped: 0
2025-11-29 00:32:25,675 - INFO - Duration: 3.75 seconds
2025-11-29 01:07:23,202 - INFO - Initialized Consumer Protection Law scraper
2025-11-29 01:07:23,205 - INFO - Date filtering enabled: last 24 hours
2025-11-29 01:07:23,206 - INFO - Initialized Consumer Protection Law scraper
2025-11-29 01:07:23,206 - INFO - Starting Consumer Protection Law scraper...
2025-11-29 01:07:23,207 - INFO - ============================================================
2025-11-29 01:07:23,208 - INFO - Starting Consumer Protection Law scraper...
2025-11-29 01:07:23,210 - INFO - ============================================================
2025-11-29 01:07:23,288 - INFO - Filtering for cases newer than: 2025-11-28T19:04:42.236133+00:00
2025-11-29 01:07:23,289 - INFO - Fetching: https://consumersprotectionlaw.com
2025-11-29 01:07:24,987 - INFO - 
============================================================
2025-11-29 01:07:24,988 - INFO - Consumer Protection Law scraping complete!
2025-11-29 01:07:24,988 - INFO - Total recent cases found: 0
2025-11-29 01:07:24,989 - INFO - ============================================================
2025-11-29 01:07:24,989 - INFO - Scraping completed!
2025-11-29 01:07:24,990 - INFO - Total items scraped: 0
2025-11-29 01:07:24,990 - INFO - Duration: 1.78 seconds
2025-12-02 02:41:46,642 - INFO - Initialized Consumer Protection Law scraper
2025-12-02 02:41:46,644 - INFO - Date filtering enabled: last 24 hours
2025-12-02 02:41:46,645 - INFO - Initialized Consumer Protection Law scraper
2025-12-02 02:41:46,646 - INFO - Starting Consumer Protection Law scraper...
2025-12-02 02:41:46,712 - INFO - ============================================================
2025-12-02 02:41:46,765 - INFO - Starting Consumer Protection Law scraper...
2025-12-02 02:41:46,789 - INFO - ============================================================
2025-12-02 02:41:46,929 - INFO - Filtering for cases newer than: 2025-11-28T19:39:27.020577+00:00
2025-12-02 02:41:46,929 - INFO - Fetching: https://consumersprotectionlaw.com
2025-12-02 02:41:49,724 - INFO - 
============================================================
2025-12-02 02:41:49,726 - INFO - Consumer Protection Law scraping complete!
2025-12-02 02:41:49,727 - INFO - Total recent cases found: 0
2025-12-02 02:41:49,727 - INFO - ============================================================
2025-12-02 02:41:49,728 - INFO - Scraping completed!
2025-12-02 02:41:49,729 - INFO - Total items scraped: 0
2025-12-02 02:41:49,730 - INFO - Duration: 3.02 seconds
2025-12-03 20:00:38,410 - INFO - Initialized Consumer Protection Law scraper
2025-12-03 20:00:38,411 - INFO - Date filtering enabled: last 24 hours
2025-12-03 20:00:38,411 - INFO - Initialized Consumer Protection Law scraper
2025-12-03 20:00:38,412 - INFO - Starting Consumer Protection Law scraper...
2025-12-03 20:00:38,412 - INFO - ============================================================
2025-12-03 20:00:38,412 - INFO - Starting Consumer Protection Law scraper...
2025-12-03 20:00:38,412 - INFO - ============================================================
2025-12-03 20:00:38,476 - INFO - Filtering for cases newer than: 2025-12-01T21:14:30.015434+00:00
2025-12-03 20:00:38,476 - INFO - Fetching: https://consumersprotectionlaw.com
2025-12-03 20:00:39,827 - INFO - 
============================================================
2025-12-03 20:00:39,827 - INFO - Consumer Protection Law scraping complete!
2025-12-03 20:00:39,828 - INFO - Total recent cases found: 0
2025-12-03 20:00:39,828 - INFO - ============================================================
2025-12-03 20:00:39,828 - INFO - Scraping completed!
2025-12-03 20:00:39,829 - INFO - Total items scraped: 0
2025-12-03 20:00:39,829 - INFO - Duration: 1.42 seconds
2025-12-03 23:01:54,428 - INFO - Initialized Consumer Protection Law scraper
2025-12-03 23:01:54,429 - INFO - Date filtering enabled: last 24 hours
2025-12-03 23:01:54,429 - INFO - Initialized Consumer Protection Law scraper
2025-12-03 23:01:54,429 - INFO - Starting Consumer Protection Law scraper...
2025-12-03 23:01:54,429 - INFO - ============================================================
2025-12-03 23:01:54,430 - INFO - Starting Consumer Protection Law scraper...
2025-12-03 23:01:54,430 - INFO - ============================================================
2025-12-03 23:01:54,462 - INFO - Filtering for cases newer than: 2025-12-03T14:32:34.495567+00:00
2025-12-03 23:01:54,463 - INFO - Fetching: https://consumersprotectionlaw.com
2025-12-03 23:01:55,781 - INFO - 
============================================================
2025-12-03 23:01:55,782 - INFO - Consumer Protection Law scraping complete!
2025-12-03 23:01:55,783 - INFO - Total recent cases found: 0
2025-12-03 23:01:55,783 - INFO - ============================================================
2025-12-03 23:01:55,785 - INFO - Scraping completed!
2025-12-03 23:01:55,785 - INFO - Total items scraped: 0
2025-12-03 23:01:55,785 - INFO - Duration: 1.36 seconds
2025-12-04 00:09:14,971 - INFO - Initialized Consumer Protection Law scraper
2025-12-04 00:09:14,972 - INFO - Date filtering enabled: last 24 hours
2025-12-04 00:09:14,976 - INFO - Initialized Consumer Protection Law scraper
2025-12-04 00:09:14,981 - INFO - Starting Consumer Protection Law scraper...
2025-12-04 00:09:14,983 - INFO - ============================================================
2025-12-04 00:09:14,984 - INFO - Starting Consumer Protection Law scraper...
2025-12-04 00:09:14,986 - INFO - ============================================================
2025-12-04 00:09:15,124 - INFO - Filtering for cases newer than: 2025-12-03T17:33:48.640610+00:00
2025-12-04 00:09:15,125 - INFO - Fetching: https://consumersprotectionlaw.com
2025-12-04 00:09:16,281 - INFO - 
============================================================
2025-12-04 00:09:16,282 - INFO - Consumer Protection Law scraping complete!
2025-12-04 00:09:16,284 - INFO - Total recent cases found: 0
2025-12-04 00:09:16,284 - INFO - ============================================================
2025-12-04 00:09:16,286 - INFO - Scraping completed!
2025-12-04 00:09:16,287 - INFO - Total items scraped: 0
2025-12-04 00:09:16,303 - INFO - Duration: 1.30 seconds
2025-12-04 20:16:07,516 - INFO - Initialized Consumer Protection Law scraper
2025-12-04 20:16:07,518 - INFO - Date filtering enabled: last 24 hours
2025-12-04 20:16:07,520 - INFO - Initialized Consumer Protection Law scraper
2025-12-04 20:16:07,520 - INFO - Starting Consumer Protection Law scraper...
2025-12-04 20:16:07,521 - INFO - ============================================================
2025-12-04 20:16:07,521 - INFO - Starting Consumer Protection Law scraper...
2025-12-04 20:16:07,522 - INFO - ============================================================
2025-12-04 20:16:07,592 - INFO - Filtering for cases newer than: 2025-12-03T18:41:25.178451+00:00
2025-12-04 20:16:07,592 - INFO - Fetching: https://consumersprotectionlaw.com
2025-12-04 20:16:09,454 - INFO - 
============================================================
2025-12-04 20:16:09,455 - INFO - Consumer Protection Law scraping complete!
2025-12-04 20:16:09,455 - INFO - Total recent cases found: 0
2025-12-04 20:16:09,456 - INFO - ============================================================
2025-12-04 20:16:09,456 - INFO - Scraping completed!
2025-12-04 20:16:09,457 - INFO - Total items scraped: 0
2025-12-04 20:16:09,457 - INFO - Duration: 1.94 seconds
2025-12-05 00:26:12,846 - INFO - Initialized Consumer Protection Law scraper
2025-12-05 00:26:12,846 - INFO - Date filtering enabled: last 24 hours
2025-12-05 00:26:12,846 - INFO - Initialized Consumer Protection Law scraper
2025-12-05 00:26:12,846 - INFO - Starting Consumer Protection Law scraper...
2025-12-05 00:26:12,846 - INFO - ============================================================
2025-12-05 00:26:12,846 - INFO - Starting Consumer Protection Law scraper...
2025-12-05 00:26:12,846 - INFO - ============================================================
2025-12-05 00:26:12,856 - INFO - Filtering for cases newer than: 2025-12-04T14:48:38.644193+00:00
2025-12-05 00:26:12,856 - INFO - Fetching: https://consumersprotectionlaw.com
2025-12-05 00:26:14,705 - INFO - 
============================================================
2025-12-05 00:26:14,705 - INFO - Consumer Protection Law scraping complete!
2025-12-05 00:26:14,705 - INFO - Total recent cases found: 0
2025-12-05 00:26:14,706 - INFO - ============================================================
2025-12-05 00:26:14,706 - INFO - Scraping completed!
2025-12-05 00:26:14,706 - INFO - Total items scraped: 0
2025-12-05 00:26:14,706 - INFO - Duration: 1.86 seconds
2025-12-13 00:46:28,776 - INFO - Initialized Consumer Protection Law scraper
2025-12-13 00:46:28,777 - INFO - Date filtering enabled: last 24 hours
2025-12-13 00:46:28,777 - INFO - Initialized Consumer Protection Law scraper
2025-12-13 00:46:28,777 - INFO - Starting Consumer Protection Law scraper...
2025-12-13 00:46:28,778 - INFO - ============================================================
2025-12-13 00:46:28,778 - INFO - Starting Consumer Protection Law scraper...
2025-12-13 00:46:28,778 - INFO - ============================================================
2025-12-13 00:46:28,858 - INFO - Filtering for cases newer than: 2025-12-04T18:58:13.288880+00:00
2025-12-13 00:46:28,858 - INFO - Fetching: https://consumersprotectionlaw.com
2025-12-13 00:46:30,088 - INFO - 
============================================================
2025-12-13 00:46:30,089 - INFO - Consumer Protection Law scraping complete!
2025-12-13 00:46:30,090 - INFO - Total recent cases found: 0
2025-12-13 00:46:30,090 - INFO - ============================================================
2025-12-13 00:46:30,091 - INFO - Scraping completed!
2025-12-13 00:46:30,091 - INFO - Total items scraped: 0
2025-12-13 00:46:30,092 - INFO - Duration: 1.31 seconds
2025-12-16 01:41:54,394 - INFO - Initialized Consumer Protection Law scraper
2025-12-16 01:41:54,394 - INFO - Date filtering enabled: last 24 hours
2025-12-16 01:41:54,395 - INFO - Initialized Consumer Protection Law scraper
2025-12-16 01:41:54,395 - INFO - Starting Consumer Protection Law scraper...
2025-12-16 01:41:54,396 - INFO - ============================================================
2025-12-16 01:41:54,396 - INFO - Starting Consumer Protection Law scraper...
2025-12-16 01:41:54,397 - INFO - ============================================================
2025-12-16 01:41:54,490 - INFO - Filtering for cases newer than: 2025-12-12T19:18:45.134365+00:00
2025-12-16 01:41:54,490 - INFO - Fetching: https://consumersprotectionlaw.com
2025-12-16 01:41:55,896 - INFO - 
============================================================
2025-12-16 01:41:55,897 - INFO - Consumer Protection Law scraping complete!
2025-12-16 01:41:55,898 - INFO - Total recent cases found: 0
2025-12-16 01:41:55,899 - INFO - ============================================================
2025-12-16 01:41:55,900 - INFO - Scraping completed!
2025-12-16 01:41:55,901 - INFO - Total items scraped: 0
2025-12-16 01:41:55,910 - INFO - Duration: 1.50 seconds
2025-12-16 22:11:57,483 - INFO - Initialized Consumer Protection Law scraper
2025-12-16 22:11:57,496 - INFO - Date filtering enabled: last 24 hours
2025-12-16 22:11:57,497 - INFO - Initialized Consumer Protection Law scraper
2025-12-16 22:11:57,498 - INFO - Starting Consumer Protection Law scraper...
2025-12-16 22:11:57,520 - INFO - ============================================================
2025-12-16 22:11:57,521 - INFO - Starting Consumer Protection Law scraper...
2025-12-16 22:11:57,522 - INFO - ============================================================
2025-12-16 22:11:57,707 - INFO - Filtering for cases newer than: 2025-12-15T20:14:13.874434+00:00
2025-12-16 22:11:57,712 - INFO - Fetching: https://consumersprotectionlaw.com
2025-12-16 22:12:00,027 - INFO - 
============================================================
2025-12-16 22:12:00,029 - INFO - Consumer Protection Law scraping complete!
2025-12-16 22:12:00,030 - INFO - Total recent cases found: 0
2025-12-16 22:12:00,030 - INFO - ============================================================
2025-12-16 22:12:00,031 - INFO - Scraping completed!
2025-12-16 22:12:00,032 - INFO - Total items scraped: 0
2025-12-16 22:12:00,033 - INFO - Duration: 2.51 seconds
2025-12-17 19:54:23,338 - INFO - Initialized Consumer Protection Law scraper
2025-12-17 19:54:23,340 - INFO - Date filtering enabled: last 24 hours
2025-12-17 19:54:23,341 - INFO - Initialized Consumer Protection Law scraper
2025-12-17 19:54:23,342 - INFO - Starting Consumer Protection Law scraper...
2025-12-17 19:54:23,342 - INFO - ============================================================
2025-12-17 19:54:23,343 - INFO - Starting Consumer Protection Law scraper...
2025-12-17 19:54:23,343 - INFO - ============================================================
2025-12-17 19:54:23,419 - INFO - Filtering for cases newer than: 2025-12-16T16:44:23.401069+00:00
2025-12-17 19:54:23,419 - INFO - Fetching: https://consumersprotectionlaw.com
2025-12-17 19:54:26,015 - INFO - 
============================================================
2025-12-17 19:54:26,016 - INFO - Consumer Protection Law scraping complete!
2025-12-17 19:54:26,016 - INFO - Total recent cases found: 0
2025-12-17 19:54:26,017 - INFO - ============================================================
2025-12-17 19:54:26,017 - INFO - Scraping completed!
2025-12-17 19:54:26,018 - INFO - Total items scraped: 0
2025-12-17 19:54:26,018 - INFO - Duration: 2.68 seconds
2025-12-18 21:18:01,396 - INFO - Initialized Consumer Protection Law scraper
2025-12-18 21:18:01,396 - INFO - Date filtering enabled: last 24 hours
2025-12-18 21:18:01,396 - INFO - Initialized Consumer Protection Law scraper
2025-12-18 21:18:01,396 - INFO - Starting Consumer Protection Law scraper...
2025-12-18 21:18:01,396 - INFO - ============================================================
2025-12-18 21:18:01,396 - INFO - Starting Consumer Protection Law scraper...
2025-12-18 21:18:01,396 - INFO - ============================================================
2025-12-18 21:18:01,408 - INFO - Filtering for cases newer than: 2025-12-17T14:27:05.777767+00:00
2025-12-18 21:18:01,408 - INFO - Fetching: https://consumersprotectionlaw.com
2025-12-18 21:18:02,165 - INFO - 
============================================================
2025-12-18 21:18:02,166 - INFO - Consumer Protection Law scraping complete!
2025-12-18 21:18:02,166 - INFO - Total recent cases found: 0
2025-12-18 21:18:02,166 - INFO - ============================================================
2025-12-18 21:18:02,166 - INFO - Scraping completed!
2025-12-18 21:18:02,166 - INFO - Total items scraped: 0
2025-12-18 21:18:02,166 - INFO - Duration: 0.77 seconds
2025-12-19 21:14:52,901 - INFO - Initialized Consumer Protection Law scraper
2025-12-19 21:14:52,901 - INFO - Date filtering enabled: last 24 hours
2025-12-19 21:14:52,901 - INFO - Initialized Consumer Protection Law scraper
2025-12-19 21:14:52,901 - INFO - Starting Consumer Protection Law scraper...
2025-12-19 21:14:52,901 - INFO - ============================================================
2025-12-19 21:14:52,901 - INFO - Starting Consumer Protection Law scraper...
2025-12-19 21:14:52,901 - INFO - ============================================================
2025-12-19 21:14:52,913 - INFO - Filtering for cases newer than: 2025-12-18T15:50:08.041500+00:00
2025-12-19 21:14:52,913 - INFO - Fetching: https://consumersprotectionlaw.com
2025-12-19 21:14:54,016 - INFO - 
============================================================
2025-12-19 21:14:54,016 - INFO - Consumer Protection Law scraping complete!
2025-12-19 21:14:54,016 - INFO - Total recent cases found: 0
2025-12-19 21:14:54,016 - INFO - ============================================================
2025-12-19 21:14:54,016 - INFO - Scraping completed!
2025-12-19 21:14:54,017 - INFO - Total items scraped: 0
2025-12-19 21:14:54,017 - INFO - Duration: 1.12 seconds
2025-12-22 20:57:03,885 - INFO - Initialized Consumer Protection Law scraper
2025-12-22 20:57:03,886 - INFO - Date filtering enabled: last 24 hours
2025-12-22 20:57:03,886 - INFO - Initialized Consumer Protection Law scraper
2025-12-22 20:57:03,886 - INFO - Starting Consumer Protection Law scraper...
2025-12-22 20:57:03,887 - INFO - ============================================================
2025-12-22 20:57:03,887 - INFO - Starting Consumer Protection Law scraper...
2025-12-22 20:57:03,887 - INFO - ============================================================
2025-12-22 20:57:03,933 - INFO - Filtering for cases newer than: 2025-12-19T15:46:57.763989+00:00
2025-12-22 20:57:03,933 - INFO - Fetching: https://consumersprotectionlaw.com
2025-12-22 20:57:04,333 - INFO - 
============================================================
2025-12-22 20:57:04,334 - INFO - Consumer Protection Law scraping complete!
2025-12-22 20:57:04,334 - INFO - Total recent cases found: 0
2025-12-22 20:57:04,335 - INFO - ============================================================
2025-12-22 20:57:04,335 - INFO - Scraping completed!
2025-12-22 20:57:04,335 - INFO - Total items scraped: 0
2025-12-22 20:57:04,336 - INFO - Duration: 0.45 seconds
2025-12-23 20:53:27,475 - INFO - Initialized Consumer Protection Law scraper
2025-12-23 20:53:27,477 - INFO - Date filtering enabled: last 24 hours
2025-12-23 20:53:27,478 - INFO - Initialized Consumer Protection Law scraper
2025-12-23 20:53:27,479 - INFO - Starting Consumer Protection Law scraper...
2025-12-23 20:53:27,480 - INFO - ============================================================
2025-12-23 20:53:27,481 - INFO - Starting Consumer Protection Law scraper...
2025-12-23 20:53:27,481 - INFO - ============================================================
2025-12-23 20:53:27,670 - INFO - Filtering for cases newer than: 2025-12-22T15:29:19.869632+00:00
2025-12-23 20:53:27,671 - INFO - Fetching: https://consumersprotectionlaw.com
2025-12-23 20:53:29,619 - INFO - 
============================================================
2025-12-23 20:53:29,621 - INFO - Consumer Protection Law scraping complete!
2025-12-23 20:53:29,622 - INFO - Total recent cases found: 0
2025-12-23 20:53:29,624 - INFO - ============================================================
2025-12-23 20:53:29,627 - INFO - Scraping completed!
2025-12-23 20:53:29,628 - INFO - Total items scraped: 0
2025-12-23 20:53:29,629 - INFO - Duration: 2.15 seconds
2025-12-24 20:01:01,777 - INFO - Initialized Consumer Protection Law scraper
2025-12-24 20:01:01,778 - INFO - Date filtering enabled: last 24 hours
2025-12-24 20:01:01,778 - INFO - Initialized Consumer Protection Law scraper
2025-12-24 20:01:01,778 - INFO - Starting Consumer Protection Law scraper...
2025-12-24 20:01:01,779 - INFO - ============================================================
2025-12-24 20:01:01,780 - INFO - Starting Consumer Protection Law scraper...
2025-12-24 20:01:01,781 - INFO - ============================================================
2025-12-24 20:01:01,871 - INFO - Filtering for cases newer than: 2025-12-23T15:25:32.953681+00:00
2025-12-24 20:01:01,871 - INFO - Fetching: https://consumersprotectionlaw.com
2025-12-24 20:01:03,389 - INFO - 
============================================================
2025-12-24 20:01:03,391 - INFO - Consumer Protection Law scraping complete!
2025-12-24 20:01:03,392 - INFO - Total recent cases found: 0
2025-12-24 20:01:03,393 - INFO - ============================================================
2025-12-24 20:01:03,394 - INFO - Scraping completed!
2025-12-24 20:01:03,394 - INFO - Total items scraped: 0
2025-12-24 20:01:03,395 - INFO - Duration: 1.61 seconds
2025-12-24 20:36:11,995 - INFO - Initialized Consumer Protection Law scraper
2025-12-24 20:36:11,996 - INFO - Date filtering enabled: last 24 hours
2025-12-24 20:36:11,996 - INFO - Initialized Consumer Protection Law scraper
2025-12-24 20:36:11,997 - INFO - Starting Consumer Protection Law scraper...
2025-12-24 20:36:11,997 - INFO - ============================================================
2025-12-24 20:36:11,997 - INFO - Starting Consumer Protection Law scraper...
2025-12-24 20:36:11,997 - INFO - ============================================================
2025-12-24 20:36:12,131 - INFO - Filtering for cases newer than: 2025-12-24T14:33:16.986361+00:00
2025-12-24 20:36:12,132 - INFO - Fetching: https://consumersprotectionlaw.com
2025-12-24 20:36:12,446 - INFO - 
============================================================
2025-12-24 20:36:12,447 - INFO - Consumer Protection Law scraping complete!
2025-12-24 20:36:12,447 - INFO - Total recent cases found: 0
2025-12-24 20:36:12,448 - INFO - ============================================================
2025-12-24 20:36:12,449 - INFO - Scraping completed!
2025-12-24 20:36:12,449 - INFO - Total items scraped: 0
2025-12-24 20:36:12,450 - INFO - Duration: 0.45 seconds
2025-12-26 21:24:59,185 - INFO - Initialized Consumer Protection Law scraper
2025-12-26 21:24:59,187 - INFO - Date filtering enabled: last 24 hours
2025-12-26 21:24:59,189 - INFO - Initialized Consumer Protection Law scraper
2025-12-26 21:24:59,190 - INFO - Starting Consumer Protection Law scraper...
2025-12-26 21:24:59,192 - INFO - ============================================================
2025-12-26 21:24:59,196 - INFO - Starting Consumer Protection Law scraper...
2025-12-26 21:24:59,197 - INFO - ============================================================
2025-12-26 21:24:59,405 - INFO - Filtering for cases newer than: 2025-12-24T15:08:23.822974+00:00
2025-12-26 21:24:59,408 - INFO - Fetching: https://consumersprotectionlaw.com
2025-12-26 21:25:02,409 - INFO - 
============================================================
2025-12-26 21:25:02,412 - INFO - Consumer Protection Law scraping complete!
2025-12-26 21:25:02,414 - INFO - Total recent cases found: 0
2025-12-26 21:25:02,415 - INFO - ============================================================
2025-12-26 21:25:02,419 - INFO - Scraping completed!
2025-12-26 21:25:02,420 - INFO - Total items scraped: 0
2025-12-26 21:25:02,422 - INFO - Duration: 3.23 seconds
2025-12-26 22:45:46,420 - INFO - Initialized Consumer Protection Law scraper
2025-12-26 22:45:46,421 - INFO - Date filtering enabled: last 24 hours
2025-12-26 22:45:46,422 - INFO - Initialized Consumer Protection Law scraper
2025-12-26 22:45:46,423 - INFO - Starting Consumer Protection Law scraper...
2025-12-26 22:45:46,425 - INFO - ============================================================
2025-12-26 22:45:46,425 - INFO - Starting Consumer Protection Law scraper...
2025-12-26 22:45:46,426 - INFO - ============================================================
2025-12-26 22:45:46,629 - INFO - Filtering for cases newer than: 2025-12-26T15:57:21.775559+00:00
2025-12-26 22:45:46,633 - INFO - Fetching: https://consumersprotectionlaw.com
2025-12-26 22:45:48,368 - INFO - 
============================================================
2025-12-26 22:45:48,370 - INFO - Consumer Protection Law scraping complete!
2025-12-26 22:45:48,371 - INFO - Total recent cases found: 0
2025-12-26 22:45:48,372 - INFO - ============================================================
2025-12-26 22:45:48,373 - INFO - Scraping completed!
2025-12-26 22:45:48,374 - INFO - Total items scraped: 0
2025-12-26 22:45:48,375 - INFO - Duration: 1.95 seconds
2025-12-30 22:10:42,788 - INFO - Initialized Consumer Protection Law scraper
2025-12-30 22:10:42,788 - INFO - Date filtering enabled: last 24 hours
2025-12-30 22:10:42,788 - INFO - Initialized Consumer Protection Law scraper
2025-12-30 22:10:42,788 - INFO - Starting Consumer Protection Law scraper...
2025-12-30 22:10:42,788 - INFO - ============================================================
2025-12-30 22:10:42,788 - INFO - Starting Consumer Protection Law scraper...
2025-12-30 22:10:42,789 - INFO - ============================================================
2025-12-30 22:10:42,803 - INFO - Filtering for cases newer than: 2025-12-26T17:20:07.506482+00:00
2025-12-30 22:10:42,803 - INFO - Fetching: https://consumersprotectionlaw.com
2025-12-30 22:10:43,936 - INFO - 
============================================================
2025-12-30 22:10:43,937 - INFO - Consumer Protection Law scraping complete!
2025-12-30 22:10:43,937 - INFO - Total recent cases found: 0
2025-12-30 22:10:43,937 - INFO - ============================================================
2025-12-30 22:10:43,937 - INFO - Scraping completed!
2025-12-30 22:10:43,937 - INFO - Total items scraped: 0
2025-12-30 22:10:43,937 - INFO - Duration: 1.15 seconds
